生成启动时间为 2018/5/15 20:49:45。
     1>项目“E:\毕业设计\代码\HOG_SVM_beiyong\HOG_SVM\HOG_SVM.vcxproj”在节点 2 上(build 个目标)。
     1>InitializeBuildStatus:
         正在创建“Debug\HOG_SVM.unsuccessfulbuild”，因为已指定“AlwaysCreate”。
       ClCompile:
         g:\VisualStudio\VC\bin\CL.exe /c /ZI /nologo /W3 /WX- /Od /Oy- /D _MBCS /Gm /EHsc /RTC1 /MDd /GS /fp:precise /Zc:wchar_t /Zc:forScope /Fo"Debug\\" /Fd"Debug\vc100.pdb" /Gd /TP /analyze- /errorReport:prompt Detection.cpp main_program.cpp
         main_program.cpp
         Detection.cpp
     1>e:\毕业设计\代码\hog_svm_beiyong\hog_svm\detection.cpp(30): warning C4244: “return”: 从“double”转换到“float”，可能丢失数据
     1>e:\毕业设计\代码\hog_svm_beiyong\hog_svm\detection.cpp(77): warning C4244: “=”: 从“double”转换到“float”，可能丢失数据
     1>e:\毕业设计\代码\hog_svm_beiyong\hog_svm\detection.cpp(100): warning C4018: “<”: 有符号/无符号不匹配
     1>e:\毕业设计\代码\hog_svm_beiyong\hog_svm\detection.cpp(203): warning C4018: “<”: 有符号/无符号不匹配
     1>e:\毕业设计\代码\hog_svm_beiyong\hog_svm\detection.cpp(234): warning C4018: “<”: 有符号/无符号不匹配
     1>e:\毕业设计\代码\hog_svm_beiyong\hog_svm\detection.cpp(273): warning C4018: “<”: 有符号/无符号不匹配
     1>e:\毕业设计\代码\hog_svm_beiyong\hog_svm\detection.cpp(283): warning C4018: “<”: 有符号/无符号不匹配
     1>e:\毕业设计\代码\hog_svm_beiyong\hog_svm\detection.cpp(365): warning C4018: “<”: 有符号/无符号不匹配
         正在生成代码...
       Link:
         g:\VisualStudio\VC\bin\link.exe /ERRORREPORT:PROMPT /OUT:"E:\毕业设计\代码\HOG_SVM_beiyong\Debug\HOG_SVM.exe" /NOLOGO opencv_ml2410d.lib opencv_calib3d2410d.lib opencv_contrib2410d.lib opencv_core2410d.lib opencv_features2d2410d.lib opencv_flann2410d.lib opencv_gpu2410d.lib opencv_highgui2410d.lib opencv_imgproc2410d.lib opencv_legacy2410d.lib opencv_objdetect2410d.lib opencv_ts2410d.lib opencv_video2410d.lib opencv_nonfree2410d.lib opencv_ocl2410d.lib opencv_photo2410d.lib opencv_stitching2410d.lib opencv_superres2410d.lib opencv_videostab2410d.lib opencv_objdetect2410.lib opencv_ts2410.lib opencv_video2410.lib opencv_nonfree2410.lib opencv_ocl2410.lib opencv_photo2410.lib opencv_stitching2410.lib opencv_superres2410.lib opencv_videostab2410.lib opencv_calib3d2410.lib opencv_contrib2410.lib opencv_core2410.lib opencv_features2d2410.lib opencv_flann2410.lib opencv_gpu2410.lib opencv_highgui2410.lib opencv_imgproc2410.lib opencv_legacy2410.lib opencv_ml2410.lib kernel32.lib user32.lib gdi32.lib winspool.lib comdlg32.lib advapi32.lib shell32.lib ole32.lib oleaut32.lib uuid.lib odbc32.lib odbccp32.lib /MANIFEST /ManifestFile:"Debug\HOG_SVM.exe.intermediate.manifest" /MANIFESTUAC:"level='asInvoker' uiAccess='false'" /DEBUG /PDB:"E:\毕业设计\代码\HOG_SVM_beiyong\Debug\HOG_SVM.pdb" /TLBID:1 /DYNAMICBASE /NXCOMPAT /IMPLIB:"E:\毕业设计\代码\HOG_SVM_beiyong\Debug\HOG_SVM.lib" /MACHINE:X86 Debug\Create_List.obj
         Debug\Detection.obj
         Debug\Gamma.obj
         Debug\main_program.obj
         Debug\Resize.obj
         Debug\SetSVM.obj
         Debug\video.obj
         LINK : 没有找到 E:\毕业设计\代码\HOG_SVM_beiyong\Debug\HOG_SVM.exe 或上一个增量链接没有生成它；正在执行完全链接
         HOG_SVM.vcxproj -> E:\毕业设计\代码\HOG_SVM_beiyong\Debug\HOG_SVM.exe
       Manifest:
         C:\Program Files (x86)\Microsoft SDKs\Windows\v7.0A\bin\mt.exe /nologo /verbose /outputresource:"E:\毕业设计\代码\HOG_SVM_beiyong\Debug\HOG_SVM.exe;#1" /manifest Debug\HOG_SVM.exe.intermediate.manifest
       FinalizeBuildStatus:
         正在删除文件“Debug\HOG_SVM.unsuccessfulbuild”。
         正在对“Debug\HOG_SVM.lastbuildstate”执行 Touch 任务。
     1>已完成生成项目“E:\毕业设计\代码\HOG_SVM_beiyong\HOG_SVM\HOG_SVM.vcxproj”(build 个目标)的操作。

生成成功。

已用时间 00:00:04.39
